0 info it worked if it ends with ok
1 verbose cli [ 'node', '/usr/local/bin/npm', 'install', '-g', 'requirejs' ]
2 info using npm@1.3.21
3 info using node@v0.10.24
4 verbose cache add [ 'requirejs', null ]
5 verbose cache add name=undefined spec="requirejs" args=["requirejs",null]
6 verbose parsed url { protocol: null,
6 verbose parsed url   slashes: null,
6 verbose parsed url   auth: null,
6 verbose parsed url   host: null,
6 verbose parsed url   port: null,
6 verbose parsed url   hostname: null,
6 verbose parsed url   hash: null,
6 verbose parsed url   search: null,
6 verbose parsed url   query: null,
6 verbose parsed url   pathname: 'requirejs',
6 verbose parsed url   path: 'requirejs',
6 verbose parsed url   href: 'requirejs' }
7 silly lockFile f2b16c35-requirejs requirejs
8 verbose lock requirejs /Users/olga/.npm/f2b16c35-requirejs.lock
9 silly lockFile f2b16c35-requirejs requirejs
10 silly lockFile f2b16c35-requirejs requirejs
11 verbose addNamed [ 'requirejs', '' ]
12 verbose addNamed [ null, '*' ]
13 silly lockFile e9b02655-requirejs requirejs@
14 verbose lock requirejs@ /Users/olga/.npm/e9b02655-requirejs.lock
15 silly addNameRange { name: 'requirejs', range: '*', hasData: false }
16 verbose url raw requirejs
17 verbose url resolving [ 'https://registry.npmjs.org/', './requirejs' ]
18 verbose url resolved https://registry.npmjs.org/requirejs
19 info trying registry request attempt 1 at 12:23:09
20 verbose etag "806A1UUAZ6VER7F76CQ42EYWE"
21 http GET https://registry.npmjs.org/requirejs
22 http 304 https://registry.npmjs.org/requirejs
23 silly registry.get cb [ 304,
23 silly registry.get   { date: 'Wed, 08 Jan 2014 17:23:10 GMT',
23 silly registry.get     server: 'Apache',
23 silly registry.get     connection: 'Keep-Alive',
23 silly registry.get     'keep-alive': 'timeout=10, max=50',
23 silly registry.get     etag: '"806A1UUAZ6VER7F76CQ42EYWE"',
23 silly registry.get     vary: 'Accept' } ]
24 verbose etag requirejs from cache
25 silly addNameRange number 2 { name: 'requirejs', range: '*', hasData: true }
26 silly addNameRange versions [ 'requirejs',
26 silly addNameRange   [ '0.26.0',
26 silly addNameRange     '0.27.0',
26 silly addNameRange     '0.27.1',
26 silly addNameRange     '1.0.0',
26 silly addNameRange     '1.0.1',
26 silly addNameRange     '1.0.2',
26 silly addNameRange     '1.0.3',
26 silly addNameRange     '1.0.4',
26 silly addNameRange     '1.0.5',
26 silly addNameRange     '1.0.6',
26 silly addNameRange     '1.0.7',
26 silly addNameRange     '1.0.8',
26 silly addNameRange     '2.0.0',
26 silly addNameRange     '2.0.1',
26 silly addNameRange     '2.0.2',
26 silly addNameRange     '2.0.3',
26 silly addNameRange     '2.0.4',
26 silly addNameRange     '2.0.5',
26 silly addNameRange     '2.0.6',
26 silly addNameRange     '2.1.0',
26 silly addNameRange     '2.1.1',
26 silly addNameRange     '2.1.2',
26 silly addNameRange     '2.1.3',
26 silly addNameRange     '2.1.4',
26 silly addNameRange     '2.1.5',
26 silly addNameRange     '2.1.6',
26 silly addNameRange     '2.1.7',
26 silly addNameRange     '2.1.8',
26 silly addNameRange     '2.1.9' ] ]
27 verbose addNamed [ 'requirejs', '2.1.9' ]
28 verbose addNamed [ '2.1.9', '2.1.9' ]
29 silly lockFile d131dabb-requirejs-2-1-9 requirejs@2.1.9
30 verbose lock requirejs@2.1.9 /Users/olga/.npm/d131dabb-requirejs-2-1-9.lock
31 silly lockFile d131dabb-requirejs-2-1-9 requirejs@2.1.9
32 silly lockFile d131dabb-requirejs-2-1-9 requirejs@2.1.9
33 silly lockFile e9b02655-requirejs requirejs@
34 silly lockFile e9b02655-requirejs requirejs@
35 silly resolved [ { name: 'requirejs',
35 silly resolved     description: 'Node adapter for RequireJS, for loading AMD modules. Includes RequireJS optimizer',
35 silly resolved     version: '2.1.9',
35 silly resolved     homepage: 'http://github.com/jrburke/r.js',
35 silly resolved     author:
35 silly resolved      { name: 'James Burke',
35 silly resolved        email: 'jrburke@gmail.com',
35 silly resolved        url: 'http://github.com/jrburke' },
35 silly resolved     licenses: [ [Object], [Object] ],
35 silly resolved     repository: { type: 'git', url: 'https://github.com/jrburke/r.js.git' },
35 silly resolved     main: './bin/r.js',
35 silly resolved     bin: { 'r.js': './bin/r.js' },
35 silly resolved     engines: { node: '>=0.4.0' },
35 silly resolved     readme: '# requirejs\n\nRequireJS for use in Node. includes:\n\n* r.js: the RequireJS optimizer, and AMD runtime for use in Node.\n* require.js: The browser-based AMD loader.\n\nMore information at http://requirejs.org\n\n',
35 silly resolved     readmeFilename: 'README.md',
35 silly resolved     bugs: { url: 'https://github.com/jrburke/r.js/issues' },
35 silly resolved     _id: 'requirejs@2.1.9',
35 silly resolved     _from: 'requirejs@' } ]
36 info install requirejs@2.1.9 into /usr/local/lib
37 info installOne requirejs@2.1.9
38 info /usr/local/lib/node_modules/requirejs unbuild
39 verbose tar unpack /Users/olga/.npm/requirejs/2.1.9/package.tgz
40 silly lockFile 1e7b7797-local-lib-node-modules-requirejs tar:///usr/local/lib/node_modules/requirejs
41 verbose lock tar:///usr/local/lib/node_modules/requirejs /Users/olga/.npm/1e7b7797-local-lib-node-modules-requirejs.lock
42 silly lockFile d63aeac7--npm-requirejs-2-1-9-package-tgz tar:///Users/olga/.npm/requirejs/2.1.9/package.tgz
43 verbose lock tar:///Users/olga/.npm/requirejs/2.1.9/package.tgz /Users/olga/.npm/d63aeac7--npm-requirejs-2-1-9-package-tgz.lock
44 silly gunzTarPerm modes [ '755', '644' ]
45 error Error: EACCES, mkdir '/usr/local/lib/node_modules/requirejs'
45 error  { [Error: EACCES, mkdir '/usr/local/lib/node_modules/requirejs']
45 error   errno: 3,
45 error   code: 'EACCES',
45 error   path: '/usr/local/lib/node_modules/requirejs',
45 error   fstream_type: 'Directory',
45 error   fstream_path: '/usr/local/lib/node_modules/requirejs',
45 error   fstream_class: 'DirWriter',
45 error   fstream_stack:
45 error    [ '/usr/local/lib/node_modules/npm/node_modules/fstream/lib/dir-writer.js:36:23',
45 error      '/usr/local/lib/node_modules/npm/node_modules/mkdirp/index.js:37:53',
45 error      'Object.oncomplete (fs.js:107:15)' ] }
46 error Please try running this command again as root/Administrator.
47 error System Darwin 12.5.0
48 error command "node" "/usr/local/bin/npm" "install" "-g" "requirejs"
49 error cwd /Users/olga/Sites/dotcom
50 error node -v v0.10.24
51 error npm -v 1.3.21
52 error path /usr/local/lib/node_modules/requirejs
53 error fstream_path /usr/local/lib/node_modules/requirejs
54 error fstream_type Directory
55 error fstream_class DirWriter
56 error code EACCES
57 error errno 3
58 error stack Error: EACCES, mkdir '/usr/local/lib/node_modules/requirejs'
59 error fstream_stack /usr/local/lib/node_modules/npm/node_modules/fstream/lib/dir-writer.js:36:23
59 error fstream_stack /usr/local/lib/node_modules/npm/node_modules/mkdirp/index.js:37:53
59 error fstream_stack Object.oncomplete (fs.js:107:15)
60 verbose exit [ 3, true ]
